2025-03-11 12:51:42,343 - INFO - ----------------------------------------------------------------
2025-03-11 12:51:42,343 - INFO - | Beginning IPScan Run...                               |
2025-03-11 12:51:42,343 - INFO - ----------------------------------------------------------------


2025-03-11 12:51:42,343 - INFO - ----------------------------------------------------------------
2025-03-11 12:51:42,343 - INFO - | Configuration File:                                          |
2025-03-11 12:51:42,343 - INFO - ----------------------------------------------------------------
2025-03-11 12:51:42,343 - INFO - PARAMETERS
2025-03-11 12:51:42,343 - INFO - species: hg38
2025-03-11 12:51:42,343 - INFO - annotation_file: /home/naima/codes/IPScan/generate_peaks_and_motifs/hg38_refseq_2018May1.txt
2025-03-11 12:51:42,343 - INFO - mode: single
2025-03-11 12:51:42,344 - INFO - sample1: /home/naima/input/Breast_Cancer_Cell_line/MCF7_mock_torin/RNAseq/STAR_hg38/MCF-7_S3
2025-03-11 12:51:42,344 - INFO - sample2: /home/naima/input/Breast_Cancer_Cell_line/MCF7_mock_torin/RNAseq/STAR_hg38/MCF-7_Torin_S4
2025-03-11 12:51:42,344 - INFO - output_dir: /home/naima/codes/IPScan/IPScan_tool/test_out/
2025-03-11 12:51:42,344 - INFO - cores: 8

2025-03-11 12:51:42,344 - INFO - LOGGING
2025-03-11 12:51:42,344 - INFO - log_dir: /home/naima/codes/IPScan/IPScan_tool/logs

2025-03-11 12:51:42,344 - INFO - ----------------------------------------------------------------


2025-03-11 12:51:42,344 - INFO - ----------------------------------------------------------------
2025-03-11 12:51:42,344 - INFO - | STEP 1: Detecting IPA events for sample: MCF-7_S3...                                  |
2025-03-11 12:51:42,344 - INFO - ----------------------------------------------------------------
2025-03-11 12:51:42,724 - INFO - Creating the chromosome dictionary...
2025-03-11 12:52:03,016 - INFO - Chromosome dictionary created in 20.29 seconds
2025-03-11 12:52:03,016 - INFO - Merging the Exon intervals...
