2025-03-11 12:54:18,885 - INFO - ----------------------------------------------------------------
2025-03-11 12:54:18,885 - INFO - | Beginning IPScan Run...                               |
2025-03-11 12:54:18,885 - INFO - ----------------------------------------------------------------


2025-03-11 12:54:18,885 - INFO - ----------------------------------------------------------------
2025-03-11 12:54:18,885 - INFO - | Configuration File:                                          |
2025-03-11 12:54:18,885 - INFO - ----------------------------------------------------------------
2025-03-11 12:54:18,885 - INFO - PARAMETERS
2025-03-11 12:54:18,886 - INFO - species: hg38
2025-03-11 12:54:18,886 - INFO - annotation_file: /home/naima/codes/IPScan/generate_peaks_and_motifs/hg38_refseq_2018May1.txt
2025-03-11 12:54:18,886 - INFO - mode: single
2025-03-11 12:54:18,886 - INFO - sample1: /home/naima/input/Breast_Cancer_Cell_line/MCF7_mock_torin/RNAseq/STAR_hg38/MCF-7_S3/MCF-7_S3
2025-03-11 12:54:18,886 - INFO - sample2: /home/naima/input/Breast_Cancer_Cell_line/MCF7_mock_torin/RNAseq/STAR_hg38/MCF-7_Torin_S4/MCF-7_Torin_S4
2025-03-11 12:54:18,886 - INFO - output_dir: /home/naima/codes/IPScan/IPScan_tool/test_out/
2025-03-11 12:54:18,886 - INFO - cores: 8

2025-03-11 12:54:18,886 - INFO - LOGGING
2025-03-11 12:54:18,886 - INFO - log_dir: /home/naima/codes/IPScan/IPScan_tool/logs

2025-03-11 12:54:18,886 - INFO - ----------------------------------------------------------------


2025-03-11 12:54:18,886 - INFO - ----------------------------------------------------------------
2025-03-11 12:54:18,886 - INFO - | STEP 1: Detecting IPA events for sample: MCF-7_S3...                                  |
2025-03-11 12:54:18,886 - INFO - ----------------------------------------------------------------
2025-03-11 12:54:19,235 - INFO - Creating the chromosome dictionary...
2025-03-11 12:54:40,052 - INFO - Chromosome dictionary created in 20.82 seconds
2025-03-11 12:54:40,053 - INFO - Merging the Exon intervals...
2025-03-11 12:54:40,535 - INFO - Exon intervals merged in 0.48 seconds
